生成启动时间为 2022/3/26 17:30:06。
     1>项目“C:\Users\H\Desktop\扫雷蛇\tcs1\tcs1\tcs1.vcxproj”在节点 2 上(build 个目标)。
     1>InitializeBuildStatus:
         正在对“Debug\tcs1.unsuccessfulbuild”执行 Touch 任务。
       ClCompile:
         所有输出均为最新。
       ManifestResourceCompile:
         所有输出均为最新。
       Link:
         D:\study\VC++_2010_学习版_离线包_中文(学习群879098023)\VC\bin\link.exe /ERRORREPORT:PROMPT /OUT:"C:\Users\H\Desktop\扫雷蛇\tcs1\Debug\tcs1.exe" /INCREMENTAL /NOLOGO kernel32.lib user32.lib gdi32.lib winspool.lib comdlg32.lib advapi32.lib shell32.lib ole32.lib oleaut32.lib uuid.lib odbc32.lib odbccp32.lib /MANIFEST /ManifestFile:"Debug\tcs1.exe.intermediate.manifest" /MANIFESTUAC:"level='asInvoker' uiAccess='false'" /DEBUG /PDB:"C:\Users\H\Desktop\扫雷蛇\tcs1\Debug\tcs1.pdb" /SUBSYSTEM:CONSOLE /TLBID:1 /DYNAMICBASE /NXCOMPAT /IMPLIB:"C:\Users\H\Desktop\扫雷蛇\tcs1\Debug\tcs1.lib" /MACHINE:X86 Debug\tcs1.exe.embed.manifest.res
         Debug\tcs.obj
       Manifest:
         C:\Program Files (x86)\Microsoft SDKs\Windows\v7.0A\bin\mt.exe /nologo /verbose /out:"Debug\tcs1.exe.embed.manifest" /manifest Debug\tcs1.exe.intermediate.manifest
         所有输出均为最新。
       LinkEmbedManifest:
         所有输出均为最新。
         tcs1.vcxproj -> C:\Users\H\Desktop\扫雷蛇\tcs1\Debug\tcs1.exe
       FinalizeBuildStatus:
         正在删除文件“Debug\tcs1.unsuccessfulbuild”。
         正在对“Debug\tcs1.lastbuildstate”执行 Touch 任务。
     1>已完成生成项目“C:\Users\H\Desktop\扫雷蛇\tcs1\tcs1\tcs1.vcxproj”(build 个目标)的操作。

生成成功。

已用时间 00:00:05.55
